app/build/intermediates/manifest_merge_blame_file/debug/manifest-merger-blame-debug-report.txt
1<?xml version="1.0" encoding="utf-8"?>
2<manifest xmlns:android="http://schemas.android.com/apk/res/android"
3    package="com.example.weatherapp"
4    android:versionCode="1"
5    android:versionName="1.0" >
6
7    <uses-sdk
8        android:minSdkVersion="21"
8-->src/main/AndroidManifest.xml
9        android:targetSdkVersion="31" />
9-->src/main/AndroidManifest.xml
10
11    <uses-permission android:name="android.permission.ACCESS_COARSE_LOCATION" />
11-->src/main/AndroidManifest.xml:5:5-81
11-->src/main/AndroidManifest.xml:5:22-78
12    <uses-permission android:name="android.permission.ACCESS_NETWORK_STATE" />
12-->src/main/AndroidManifest.xml:6:5-79
12-->src/main/AndroidManifest.xml:6:22-76
13    <uses-permission android:name="android.permission.INTERNET" />
13-->src/main/AndroidManifest.xml:7:5-66
13-->src/main/AndroidManifest.xml:7:22-64
14
15    <application
15-->src/main/AndroidManifest.xml:8:5-26:19
16        android:name="com.example.weatherapp.ForcastApplication"
16-->src/main/AndroidManifest.xml:9:9-43
17        android:allowBackup="true"
17-->src/main/AndroidManifest.xml:10:9-35
18        android:appComponentFactory="androidx.core.app.CoreComponentFactory"
18-->[androidx.core:core:1.6.0] AndroidManifest.xml:24:18-86
19        android:debuggable="true"
20        android:icon="@mipmap/ic_launcher"
20-->src/main/AndroidManifest.xml:12:9-43
21        android:label="@string/app_name"
21-->src/main/AndroidManifest.xml:13:9-41
22        android:roundIcon="@mipmap/ic_launcher_round"
22-->src/main/AndroidManifest.xml:14:9-54
23        android:supportsRtl="true"
23-->src/main/AndroidManifest.xml:15:9-35
24        android:testOnly="true"
25        android:theme="@style/AppTheme"
25-->src/main/AndroidManifest.xml:16:9-40
26        android:usesCleartextTraffic="true" >
26-->src/main/AndroidManifest.xml:11:9-44
27        <activity
27-->src/main/AndroidManifest.xml:17:9-25:20
28            android:name="com.example.weatherapp.MainActivity"
28-->src/main/AndroidManifest.xml:18:13-41
29            android:exported="true" >
29-->src/main/AndroidManifest.xml:19:13-36
30            <intent-filter>
30-->src/main/AndroidManifest.xml:20:13-24:29
31                <action android:name="android.intent.action.MAIN" />
31-->src/main/AndroidManifest.xml:21:17-69
31-->src/main/AndroidManifest.xml:21:25-66
32
33                <category android:name="android.intent.category.LAUNCHER" />
33-->src/main/AndroidManifest.xml:23:17-77
33-->src/main/AndroidManifest.xml:23:27-74
34            </intent-filter>
35        </activity>
36
37        <service
37-->[androidx.room:room-runtime:2.4.0-alpha04] AndroidManifest.xml:25:9-28:40
38            android:name="androidx.room.MultiInstanceInvalidationService"
38-->[androidx.room:room-runtime:2.4.0-alpha04] AndroidManifest.xml:26:13-74
39            android:directBootAware="true"
39-->[androidx.room:room-runtime:2.4.0-alpha04] AndroidManifest.xml:27:13-43
40            android:exported="false" />
40-->[androidx.room:room-runtime:2.4.0-alpha04] AndroidManifest.xml:28:13-37
41
42        <provider
42-->[com.squareup.picasso:picasso:2.71828] AndroidManifest.xml:8:9-11:40
43            android:name="com.squareup.picasso.PicassoProvider"
43-->[com.squareup.picasso:picasso:2.71828] AndroidManifest.xml:9:13-64
44            android:authorities="com.example.weatherapp.com.squareup.picasso"
44-->[com.squareup.picasso:picasso:2.71828] AndroidManifest.xml:10:13-72
45            android:exported="false" />
45-->[com.squareup.picasso:picasso:2.71828] AndroidManifest.xml:11:13-37
46
47        <activity
47-->[com.google.android.gms:play-services-base:17.5.0] AndroidManifest.xml:23:9-26:75
48            android:name="com.google.android.gms.common.api.GoogleApiActivity"
48-->[com.google.android.gms:play-services-base:17.5.0] AndroidManifest.xml:24:13-79
49            android:exported="false"
49-->[com.google.android.gms:play-services-base:17.5.0] AndroidManifest.xml:25:13-37
50            android:theme="@android:style/Theme.Translucent.NoTitleBar" />
50-->[com.google.android.gms:play-services-base:17.5.0] AndroidManifest.xml:26:13-72
51
52        <meta-data
52-->[com.google.android.gms:play-services-basement:17.5.0] AndroidManifest.xml:23:9-25:69
53            android:name="com.google.android.gms.version"
53-->[com.google.android.gms:play-services-basement:17.5.0] AndroidManifest.xml:24:13-58
54            android:value="@integer/google_play_services_version" />
54-->[com.google.android.gms:play-services-basement:17.5.0] AndroidManifest.xml:25:13-66
55
56        <provider
56-->[androidx.lifecycle:lifecycle-process:2.2.0] AndroidManifest.xml:25:9-29:43
57            android:name="androidx.lifecycle.ProcessLifecycleOwnerInitializer"
57-->[androidx.lifecycle:lifecycle-process:2.2.0] AndroidManifest.xml:26:13-79
58            android:authorities="com.example.weatherapp.lifecycle-process"
58-->[androidx.lifecycle:lifecycle-process:2.2.0] AndroidManifest.xml:27:13-69
59            android:exported="false"
59-->[androidx.lifecycle:lifecycle-process:2.2.0] AndroidManifest.xml:28:13-37
60            android:multiprocess="true" />
60-->[androidx.lifecycle:lifecycle-process:2.2.0] AndroidManifest.xml:29:13-40
61    </application>
62
63</manifest>